<?xml version="1.0" encoding="UTF-8"?>
<!-- Generated by org.testng.reporters.JUnitReportReporter -->
<testsuite hostname="Pradeep-Chakrawarti" failures="0" tests="6" name="Group_FP.Extract_1one" time="74.379" errors="0" timestamp="27 Jan 2024 07:15:58 GMT">
  <testcase classname="Group_FP.Extract_1one" name="regirstration" time="11.675"/>
  <testcase classname="Group_FP.Extract_1one" name="regirstration" time="13.803"/>
  <testcase classname="Group_FP.Extract_1one" name="regirstration" time="12.354"/>
  <testcase classname="Group_FP.Extract_1one" name="regirstration" time="12.234"/>
  <testcase classname="Group_FP.Extract_1one" name="regirstration" time="12.193"/>
  <testcase classname="Group_FP.Extract_1one" name="regirstration" time="12.120"/>
</testsuite> <!-- Group_FP.Extract_1one -->
